SmartBeaconScanner_Visitor/Application/build/outputs/apk/manifest-merger-debug-report.txt
-- Merging decision tree log ---
manifest
ADDED from AndroidManifest.xml:17:1
	xmlns:android
		ADDED from AndroidManifest.xml:17:11
	package
		ADDED from AndroidManifest.xml:18:5
	android:versionName
		ADDED from AndroidManifest.xml:20:5
	android:versionCode
		ADDED from AndroidManifest.xml:19:5
		INJECTED from AndroidManifest.xml:0:0
		INJECTED from AndroidManifest.xml:0:0
uses-feature#android.hardware.bluetooth_le
ADDED from AndroidManifest.xml:31:5
	android:required
		ADDED from AndroidManifest.xml:33:9
	android:name
		ADDED from AndroidManifest.xml:32:9
uses-permission#android.permission.BLUETOOTH
ADDED from AndroidManifest.xml:35:5
MERGED from org.altbeacon:android-beacon-library:2.1.4:11:5
	android:name
		ADDED from AndroidManifest.xml:35:22
uses-permission#android.permission.BLUETOOTH_ADMIN
ADDED from AndroidManifest.xml:36:5
MERGED from org.altbeacon:android-beacon-library:2.1.4:12:5
	android:name
		ADDED from AndroidManifest.xml:36:22
application
ADDED from AndroidManifest.xml:38:5
MERGED from com.android.support:support-v4:21.0.3:16:5
MERGED from com.android.support:support-v13:21.0.2:16:5
MERGED from com.android.support:support-v4:21.0.3:16:5
MERGED from com.android.support:cardview-v7:21.0.2:16:5
MERGED from org.altbeacon:android-beacon-library:2.1.4:15:5
	android:label
		ADDED from AndroidManifest.xml:40:9
	android:icon
		ADDED from AndroidManifest.xml:39:9
	android:theme
		ADDED from AndroidManifest.xml:41:9
activity#com.example.android.bluetoothlegatt.DeviceScanActivityVisitor
ADDED from AndroidManifest.xml:43:9
	android:label
		ADDED from AndroidManifest.xml:45:13
	android:name
		ADDED from AndroidManifest.xml:44:13
intent-filter#android.intent.action.MAIN+android.intent.category.LAUNCHER
ADDED from AndroidManifest.xml:46:13
action#android.intent.action.MAIN
ADDED from AndroidManifest.xml:47:17
	android:name
		ADDED from AndroidManifest.xml:47:25
category#android.intent.category.LAUNCHER
ADDED from AndroidManifest.xml:49:17
	android:name
		ADDED from AndroidManifest.xml:49:27
uses-sdk
INJECTED from AndroidManifest.xml:0:0 reason: use-sdk injection requested
MERGED from com.android.support:support-v4:21.0.3:15:5
MERGED from com.android.support:support-v13:21.0.2:15:5
MERGED from com.android.support:support-v4:21.0.3:15:5
MERGED from com.android.support:cardview-v7:21.0.2:15:5
MERGED from org.altbeacon:android-beacon-library:2.1.4:7:5
	android:targetSdkVersion
		INJECTED from AndroidManifest.xml:0:0
		INJECTED from AndroidManifest.xml:0:0
	android:minSdkVersion
		INJECTED from AndroidManifest.xml:0:0
		INJECTED from AndroidManifest.xml:0:0
uses-permission#android.permission.RECEIVE_BOOT_COMPLETED
ADDED from org.altbeacon:android-beacon-library:2.1.4:13:5
	android:name
		ADDED from org.altbeacon:android-beacon-library:2.1.4:13:22
receiver#org.altbeacon.beacon.startup.StartupBroadcastReceiver
ADDED from org.altbeacon:android-beacon-library:2.1.4:16:9
	android:name
		ADDED from org.altbeacon:android-beacon-library:2.1.4:16:19
intent-filter#android.intent.action.ACTION_POWER_CONNECTED+android.intent.action.ACTION_POWER_DISCONNECTED+android.intent.action.BOOT_COMPLETED
ADDED from org.altbeacon:android-beacon-library:2.1.4:17:13
action#android.intent.action.BOOT_COMPLETED
ADDED from org.altbeacon:android-beacon-library:2.1.4:18:17
	android:name
		ADDED from org.altbeacon:android-beacon-library:2.1.4:18:25
action#android.intent.action.ACTION_POWER_CONNECTED
ADDED from org.altbeacon:android-beacon-library:2.1.4:19:17
	android:name
		ADDED from org.altbeacon:android-beacon-library:2.1.4:19:25
action#android.intent.action.ACTION_POWER_DISCONNECTED
ADDED from org.altbeacon:android-beacon-library:2.1.4:20:17
	android:name
		ADDED from org.altbeacon:android-beacon-library:2.1.4:20:25
service#org.altbeacon.beacon.service.BeaconService
ADDED from org.altbeacon:android-beacon-library:2.1.4:24:9
	android:label
		ADDED from org.altbeacon:android-beacon-library:2.1.4:29:13
	android:isolatedProcess
		ADDED from org.altbeacon:android-beacon-library:2.1.4:28:13
	android:exported
		ADDED from org.altbeacon:android-beacon-library:2.1.4:27:13
	android:enabled
		ADDED from org.altbeacon:android-beacon-library:2.1.4:26:13
	android:name
		ADDED from org.altbeacon:android-beacon-library:2.1.4:25:13
service#org.altbeacon.beacon.BeaconIntentProcessor
ADDED from org.altbeacon:android-beacon-library:2.1.4:30:9
	android:exported
		ADDED from org.altbeacon:android-beacon-library:2.1.4:33:13
	android:enabled
		ADDED from org.altbeacon:android-beacon-library:2.1.4:32:13
	android:name
		ADDED from org.altbeacon:android-beacon-library:2.1.4:31:13